# JRE version: OpenJDK Runtime Environment (8.0_76-b03) (build 1.8.0_76-release-b03)
# Java VM: OpenJDK 64-Bit Server VM (25.76-b03 mixed mode windows-amd64 compressed oops)
Heap:
 PSYoungGen      total 102400K, used 79183K [0x00000000eab00000, 0x00000000f2580000, 0x0000000100000000)
  eden space 99840K, 76% used [0x00000000eab00000,0x00000000ef60f9f0,0x00000000f0c80000)
  from space 2560K, 90% used [0x00000000f2300000,0x00000000f2544398,0x00000000f2580000)
  to   space 12800K, 0% used [0x00000000f0c80000,0x00000000f0c80000,0x00000000f1900000)
 ParOldGen       total 115200K, used 15030K [0x00000000c0000000, 0x00000000c7080000, 0x00000000eab00000)
  object space 115200K, 13% used [0x00000000c0000000,0x00000000c0eadb68,0x00000000c7080000)
 Metaspace       used 36967K, capacity 37806K, committed 38144K, reserved 1083392K
  class space    used 4815K, capacity 5074K, committed 5120K, reserved 1048576K
GC Heap History (10 events):
Event: 10.006 GC heap before
{Heap before GC invocations=6 (full 1):
 PSYoungGen      total 52736K, used 51723K [0x00000000eab00000, 0x00000000ef900000, 0x0000000100000000)
  eden space 45568K, 100% used [0x00000000eab00000,0x00000000ed780000,0x00000000ed780000)
  from space 7168K, 85% used [0x00000000ede80000,0x00000000ee482f70,0x00000000ee580000)
  to   space 7168K, 0% used [0x00000000ed780000,0x00000000ed780000,0x00000000ede80000)
 ParOldGen       total 81408K, used 8482K [0x00000000c0000000, 0x00000000c4f80000, 0x00000000eab00000)
  object space 81408K, 10% used [0x00000000c0000000,0x00000000c0848890,0x00000000c4f80000)
 Metaspace       used 28369K, capacity 29060K, committed 29312K, reserved 1075200K
  class space    used 3780K, capacity 3947K, committed 3968K, reserved 1048576K
Event: 10.021 GC heap after
Heap after GC invocations=6 (full 1):
 PSYoungGen      total 52736K, used 7146K [0x00000000eab00000, 0x00000000f0080000, 0x0000000100000000)
  eden space 45568K, 0% used [0x00000000eab00000,0x00000000eab00000,0x00000000ed780000)
  from space 7168K, 99% used [0x00000000ed780000,0x00000000ede7abf0,0x00000000ede80000)
  to   space 10752K, 0% used [0x00000000ef600000,0x00000000ef600000,0x00000000f0080000)
 ParOldGen       total 81408K, used 9830K [0x00000000c0000000, 0x00000000c4f80000, 0x00000000eab00000)
  object space 81408K, 12% used [0x00000000c0000000,0x00000000c0999970,0x00000000c4f80000)
 Metaspace       used 28369K, capacity 29060K, committed 29312K, reserved 1075200K
  class space    used 3780K, capacity 3947K, committed 3968K, reserved 1048576K
}
Event: 11.612 GC heap before
{Heap before GC invocations=7 (full 1):
 PSYoungGen      total 52736K, used 52714K [0x00000000eab00000, 0x00000000f0080000, 0x0000000100000000)
  eden space 45568K, 100% used [0x00000000eab00000,0x00000000ed780000,0x00000000ed780000)
  from space 7168K, 99% used [0x00000000ed780000,0x00000000ede7abf0,0x00000000ede80000)
  to   space 10752K, 0% used [0x00000000ef600000,0x00000000ef600000,0x00000000f0080000)
 ParOldGen       total 81408K, used 9830K [0x00000000c0000000, 0x00000000c4f80000, 0x00000000eab00000)
  object space 81408K, 12% used [0x00000000c0000000,0x00000000c0999970,0x00000000c4f80000)
 Metaspace       used 33886K, capacity 34738K, committed 35072K, reserved 1079296K
  class space    used 4515K, capacity 4742K, committed 4864K, reserved 1048576K
Event: 11.633 GC heap after
Heap after GC invocations=7 (full 1):
 PSYoungGen      total 75264K, used 10751K [0x00000000eab00000, 0x00000000f0500000, 0x0000000100000000)
  eden space 64512K, 0% used [0x00000000eab00000,0x00000000eab00000,0x00000000eea00000)
  from space 10752K, 99% used [0x00000000ef600000,0x00000000f007fc28,0x00000000f0080000)
  to   space 12288K, 0% used [0x00000000eea00000,0x00000000eea00000,0x00000000ef600000)
 ParOldGen       total 81408K, used 10571K [0x00000000c0000000, 0x00000000c4f80000, 0x00000000eab00000)
  object space 81408K, 12% used [0x00000000c0000000,0x00000000c0a52e40,0x00000000c4f80000)
 Metaspace       used 33886K, capacity 34738K, committed 35072K, reserved 1079296K
  class space    used 4515K, capacity 4742K, committed 4864K, reserved 1048576K
}
Event: 12.037 GC heap before
{Heap before GC invocations=8 (full 1):
 PSYoungGen      total 75264K, used 19953K [0x00000000eab00000, 0x00000000f0500000, 0x0000000100000000)
  eden space 64512K, 14% used [0x00000000eab00000,0x00000000eb3fcaa0,0x00000000eea00000)
  from space 10752K, 99% used [0x00000000ef600000,0x00000000f007fc28,0x00000000f0080000)
  to   space 12288K, 0% used [0x00000000eea00000,0x00000000eea00000,0x00000000ef600000)
 ParOldGen       total 81408K, used 10571K [0x00000000c0000000, 0x00000000c4f80000, 0x00000000eab00000)
  object space 81408K, 12% used [0x00000000c0000000,0x00000000c0a52e40,0x00000000c4f80000)
 Metaspace       used 34647K, capacity 35410K, committed 35496K, reserved 1079296K
  class space    used 4618K, capacity 4838K, committed 4864K, reserved 1048576K
Event: 12.067 GC heap after
Heap after GC invocations=8 (full 1):
 PSYoungGen      total 76800K, used 9013K [0x00000000eab00000, 0x00000000f2f00000, 0x0000000100000000)
  eden space 64512K, 0% used [0x00000000eab00000,0x00000000eab00000,0x00000000eea00000)
  from space 12288K, 73% used [0x00000000eea00000,0x00000000ef2cd448,0x00000000ef600000)
  to   space 12288K, 0% used [0x00000000f2300000,0x00000000f2300000,0x00000000f2f00000)
 ParOldGen       total 81408K, used 10571K [0x00000000c0000000, 0x00000000c4f80000, 0x00000000eab00000)
  object space 81408K, 12% used [0x00000000c0000000,0x00000000c0a52e40,0x00000000c4f80000)
 Metaspace       used 34647K, capacity 35410K, committed 35496K, reserved 1079296K
  class space    used 4618K, capacity 4838K, committed 4864K, reserved 1048576K
}
Event: 12.067 GC heap before
{Heap before GC invocations=9 (full 2):
 PSYoungGen      total 76800K, used 9013K [0x00000000eab00000, 0x00000000f2f00000, 0x0000000100000000)
  eden space 64512K, 0% used [0x00000000eab00000,0x00000000eab00000,0x00000000eea00000)
  from space 12288K, 73% used [0x00000000eea00000,0x00000000ef2cd448,0x00000000ef600000)
  to   space 12288K, 0% used [0x00000000f2300000,0x00000000f2300000,0x00000000f2f00000)
 ParOldGen       total 81408K, used 10571K [0x00000000c0000000, 0x00000000c4f80000, 0x00000000eab00000)
  object space 81408K, 12% used [0x00000000c0000000,0x00000000c0a52e40,0x00000000c4f80000)
 Metaspace       used 34647K, capacity 35410K, committed 35496K, reserved 1079296K
  class space    used 4618K, capacity 4838K, committed 4864K, reserved 1048576K
Event: 12.195 GC heap after
Heap after GC invocations=9 (full 2):
 PSYoungGen      total 76800K, used 0K [0x00000000eab00000, 0x00000000f2f00000, 0x0000000100000000)
  eden space 64512K, 0% used [0x00000000eab00000,0x00000000eab00000,0x00000000eea00000)
  from space 12288K, 0% used [0x00000000eea00000,0x00000000eea00000,0x00000000ef600000)
  to   space 12288K, 0% used [0x00000000f2300000,0x00000000f2300000,0x00000000f2f00000)
 ParOldGen       total 115200K, used 15022K [0x00000000c0000000, 0x00000000c7080000, 0x00000000eab00000)
  object space 115200K, 13% used [0x00000000c0000000,0x00000000c0eabb68,0x00000000c7080000)
 Metaspace       used 34602K, capacity 35300K, committed 35496K, reserved 1079296K
  class space    used 4604K, capacity 4824K, committed 4864K, reserved 1048576K
}
Event: 16.628 GC heap before
{Heap before GC invocations=10 (full 2):
 PSYoungGen      total 76800K, used 64512K [0x00000000eab00000, 0x00000000f2f00000, 0x0000000100000000)
  eden space 64512K, 100% used [0x00000000eab00000,0x00000000eea00000,0x00000000eea00000)
  from space 12288K, 0% used [0x00000000eea00000,0x00000000eea00000,0x00000000ef600000)
  to   space 12288K, 0% used [0x00000000f2300000,0x00000000f2300000,0x00000000f2f00000)
 ParOldGen       total 115200K, used 15022K [0x00000000c0000000, 0x00000000c7080000, 0x00000000eab00000)
  object space 115200K, 13% used [0x00000000c0000000,0x00000000c0eabb68,0x00000000c7080000)
 Metaspace       used 35900K, capacity 36654K, committed 36992K, reserved 1081344K
  class space    used 4725K, capacity 4927K, committed 4992K, reserved 1048576K
Event: 16.634 GC heap after
Heap after GC invocations=10 (full 2):
 PSYoungGen      total 102400K, used 2320K [0x00000000eab00000, 0x00000000f2580000, 0x0000000100000000)
  eden space 99840K, 0% used [0x00000000eab00000,0x00000000eab00000,0x00000000f0c80000)
  from space 2560K, 90% used [0x00000000f2300000,0x00000000f2544398,0x00000000f2580000)
  to   space 12800K, 0% used [0x00000000f0c80000,0x00000000f0c80000,0x00000000f1900000)
 ParOldGen       total 115200K, used 15030K [0x00000000c0000000, 0x00000000c7080000, 0x00000000eab00000)
  object space 115200K, 13% used [0x00000000c0000000,0x00000000c0eadb68,0x00000000c7080000)
 Metaspace       used 35900K, capacity 36654K, committed 36992K, reserved 1081344K
  class space    used 4725K, capacity 4927K, committed 4992K, reserved 1048576K
}

