# JRE version: OpenJDK Runtime Environment (8.0_76-b03) (build 1.8.0_76-release-b03)
# Java VM: OpenJDK 64-Bit Server VM (25.76-b03 mixed mode windows-amd64 compressed oops)
Heap:
 PSYoungGen      total 189440K, used 43514K [0x00000000eab00000, 0x0000000100000000, 0x0000000100000000)
  eden space 182272K, 19% used [0x00000000eab00000,0x00000000ece81c28,0x00000000f5d00000)
  from space 7168K, 99% used [0x00000000f5d00000,0x00000000f63fcbe8,0x00000000f6400000)
  to   space 37376K, 0% used [0x00000000fdb80000,0x00000000fdb80000,0x0000000100000000)
 ParOldGen       total 120320K, used 59152K [0x00000000c0000000, 0x00000000c7580000, 0x00000000eab00000)
  object space 120320K, 49% used [0x00000000c0000000,0x00000000c39c42d0,0x00000000c7580000)
 Metaspace       used 6792K, capacity 7478K, committed 7552K, reserved 1056768K
  class space    used 615K, capacity 622K, committed 640K, reserved 1048576K
GC Heap History (10 events):
Event: 2.046 GC heap before
{Heap before GC invocations=1 (full 0):
 PSYoungGen      total 52736K, used 45568K [0x00000000eab00000, 0x00000000ee580000, 0x0000000100000000)
  eden space 45568K, 100% used [0x00000000eab00000,0x00000000ed780000,0x00000000ed780000)
  from space 7168K, 0% used [0x00000000ede80000,0x00000000ede80000,0x00000000ee580000)
  to   space 7168K, 0% used [0x00000000ed780000,0x00000000ed780000,0x00000000ede80000)
 ParOldGen       total 120320K, used 0K [0x00000000c0000000, 0x00000000c7580000, 0x00000000eab00000)
  object space 120320K, 0% used [0x00000000c0000000,0x00000000c0000000,0x00000000c7580000)
 Metaspace       used 6027K, capacity 6960K, committed 7040K, reserved 1056768K
  class space    used 576K, capacity 616K, committed 640K, reserved 1048576K
Event: 2.112 GC heap after
Heap after GC invocations=1 (full 0):
 PSYoungGen      total 52736K, used 7165K [0x00000000eab00000, 0x00000000f1200000, 0x0000000100000000)
  eden space 45568K, 0% used [0x00000000eab00000,0x00000000eab00000,0x00000000ed780000)
  from space 7168K, 99% used [0x00000000ed780000,0x00000000ede7f560,0x00000000ede80000)
  to   space 7168K, 0% used [0x00000000f0b00000,0x00000000f0b00000,0x00000000f1200000)
 ParOldGen       total 120320K, used 218K [0x00000000c0000000, 0x00000000c7580000, 0x00000000eab00000)
  object space 120320K, 0% used [0x00000000c0000000,0x00000000c0036b48,0x00000000c7580000)
 Metaspace       used 6027K, capacity 6960K, committed 7040K, reserved 1056768K
  class space    used 576K, capacity 616K, committed 640K, reserved 1048576K
}
Event: 2.671 GC heap before
{Heap before GC invocations=2 (full 0):
 PSYoungGen      total 52736K, used 52733K [0x00000000eab00000, 0x00000000f1200000, 0x0000000100000000)
  eden space 45568K, 100% used [0x00000000eab00000,0x00000000ed780000,0x00000000ed780000)
  from space 7168K, 99% used [0x00000000ed780000,0x00000000ede7f560,0x00000000ede80000)
  to   space 7168K, 0% used [0x00000000f0b00000,0x00000000f0b00000,0x00000000f1200000)
 ParOldGen       total 120320K, used 218K [0x00000000c0000000, 0x00000000c7580000, 0x00000000eab00000)
  object space 120320K, 0% used [0x00000000c0000000,0x00000000c0036b48,0x00000000c7580000)
 Metaspace       used 6163K, capacity 7088K, committed 7296K, reserved 1056768K
  class space    used 577K, capacity 616K, committed 640K, reserved 1048576K
Event: 2.708 GC heap after
Heap after GC invocations=2 (full 0):
 PSYoungGen      total 98304K, used 7160K [0x00000000eab00000, 0x00000000f1200000, 0x0000000100000000)
  eden space 91136K, 0% used [0x00000000eab00000,0x00000000eab00000,0x00000000f0400000)
  from space 7168K, 99% used [0x00000000f0b00000,0x00000000f11fe3f8,0x00000000f1200000)
  to   space 7168K, 0% used [0x00000000f0400000,0x00000000f0400000,0x00000000f0b00000)
 ParOldGen       total 120320K, used 5239K [0x00000000c0000000, 0x00000000c7580000, 0x00000000eab00000)
  object space 120320K, 4% used [0x00000000c0000000,0x00000000c051dfd0,0x00000000c7580000)
 Metaspace       used 6163K, capacity 7088K, committed 7296K, reserved 1056768K
  class space    used 577K, capacity 616K, committed 640K, reserved 1048576K
}
Event: 5.396 GC heap before
{Heap before GC invocations=3 (full 0):
 PSYoungGen      total 98304K, used 98296K [0x00000000eab00000, 0x00000000f1200000, 0x0000000100000000)
  eden space 91136K, 100% used [0x00000000eab00000,0x00000000f0400000,0x00000000f0400000)
  from space 7168K, 99% used [0x00000000f0b00000,0x00000000f11fe3f8,0x00000000f1200000)
  to   space 7168K, 0% used [0x00000000f0400000,0x00000000f0400000,0x00000000f0b00000)
 ParOldGen       total 120320K, used 5239K [0x00000000c0000000, 0x00000000c7580000, 0x00000000eab00000)
  object space 120320K, 4% used [0x00000000c0000000,0x00000000c051dfd0,0x00000000c7580000)
 Metaspace       used 6247K, capacity 7152K, committed 7296K, reserved 1056768K
  class space    used 577K, capacity 616K, committed 640K, reserved 1048576K
Event: 5.499 GC heap after
Heap after GC invocations=3 (full 0):
 PSYoungGen      total 98304K, used 7164K [0x00000000eab00000, 0x00000000f6b00000, 0x0000000100000000)
  eden space 91136K, 0% used [0x00000000eab00000,0x00000000eab00000,0x00000000f0400000)
  from space 7168K, 99% used [0x00000000f0400000,0x00000000f0aff228,0x00000000f0b00000)
  to   space 7168K, 0% used [0x00000000f6400000,0x00000000f6400000,0x00000000f6b00000)
 ParOldGen       total 120320K, used 18154K [0x00000000c0000000, 0x00000000c7580000, 0x00000000eab00000)
  object space 120320K, 15% used [0x00000000c0000000,0x00000000c11ba908,0x00000000c7580000)
 Metaspace       used 6247K, capacity 7152K, committed 7296K, reserved 1056768K
  class space    used 577K, capacity 616K, committed 640K, reserved 1048576K
}
Event: 7.499 GC heap before
{Heap before GC invocations=4 (full 0):
 PSYoungGen      total 98304K, used 98300K [0x00000000eab00000, 0x00000000f6b00000, 0x0000000100000000)
  eden space 91136K, 100% used [0x00000000eab00000,0x00000000f0400000,0x00000000f0400000)
  from space 7168K, 99% used [0x00000000f0400000,0x00000000f0aff228,0x00000000f0b00000)
  to   space 7168K, 0% used [0x00000000f6400000,0x00000000f6400000,0x00000000f6b00000)
 ParOldGen       total 120320K, used 18154K [0x00000000c0000000, 0x00000000c7580000, 0x00000000eab00000)
  object space 120320K, 15% used [0x00000000c0000000,0x00000000c11ba908,0x00000000c7580000)
 Metaspace       used 6351K, capacity 7216K, committed 7296K, reserved 1056768K
  class space    used 577K, capacity 616K, committed 640K, reserved 1048576K
Event: 7.689 GC heap after
Heap after GC invocations=4 (full 0):
 PSYoungGen      total 189440K, used 7167K [0x00000000eab00000, 0x00000000f6b00000, 0x0000000100000000)
  eden space 182272K, 0% used [0x00000000eab00000,0x00000000eab00000,0x00000000f5d00000)
  from space 7168K, 99% used [0x00000000f6400000,0x00000000f6affe58,0x00000000f6b00000)
  to   space 7168K, 0% used [0x00000000f5d00000,0x00000000f5d00000,0x00000000f6400000)
 ParOldGen       total 120320K, used 32432K [0x00000000c0000000, 0x00000000c7580000, 0x00000000eab00000)
  object space 120320K, 26% used [0x00000000c0000000,0x00000000c1fac308,0x00000000c7580000)
 Metaspace       used 6351K, capacity 7216K, committed 7296K, reserved 1056768K
  class space    used 577K, capacity 616K, committed 640K, reserved 1048576K
}
Event: 9.757 GC heap before
{Heap before GC invocations=5 (full 0):
 PSYoungGen      total 189440K, used 189439K [0x00000000eab00000, 0x00000000f6b00000, 0x0000000100000000)
  eden space 182272K, 100% used [0x00000000eab00000,0x00000000f5d00000,0x00000000f5d00000)
  from space 7168K, 99% used [0x00000000f6400000,0x00000000f6affe58,0x00000000f6b00000)
  to   space 7168K, 0% used [0x00000000f5d00000,0x00000000f5d00000,0x00000000f6400000)
 ParOldGen       total 120320K, used 32432K [0x00000000c0000000, 0x00000000c7580000, 0x00000000eab00000)
  object space 120320K, 26% used [0x00000000c0000000,0x00000000c1fac308,0x00000000c7580000)
 Metaspace       used 6486K, capacity 7216K, committed 7296K, reserved 1056768K
  class space    used 597K, capacity 616K, committed 640K, reserved 1048576K
Event: 10.089 GC heap after
Heap after GC invocations=5 (full 0):
 PSYoungGen      total 189440K, used 7154K [0x00000000eab00000, 0x0000000100000000, 0x0000000100000000)
  eden space 182272K, 0% used [0x00000000eab00000,0x00000000eab00000,0x00000000f5d00000)
  from space 7168K, 99% used [0x00000000f5d00000,0x00000000f63fcbe8,0x00000000f6400000)
  to   space 37376K, 0% used [0x00000000fdb80000,0x00000000fdb80000,0x0000000100000000)
 ParOldGen       total 120320K, used 59152K [0x00000000c0000000, 0x00000000c7580000, 0x00000000eab00000)
  object space 120320K, 49% used [0x00000000c0000000,0x00000000c39c42d0,0x00000000c7580000)
 Metaspace       used 6486K, capacity 7216K, committed 7296K, reserved 1056768K
  class space    used 597K, capacity 616K, committed 640K, reserved 1048576K
}

