# JRE version: OpenJDK Runtime Environment (8.0_76-b03) (build 1.8.0_76-release-b03)
# Java VM: OpenJDK 64-Bit Server VM (25.76-b03 mixed mode windows-amd64 compressed oops)
Heap:
 PSYoungGen      total 98304K, used 86725K [0x00000000eab00000, 0x00000000f1200000, 0x0000000100000000)
  eden space 91136K, 87% used [0x00000000eab00000,0x00000000ef8b97b0,0x00000000f0400000)
  from space 7168K, 99% used [0x00000000f0b00000,0x00000000f11f8048,0x00000000f1200000)
  to   space 7168K, 0% used [0x00000000f0400000,0x00000000f0400000,0x00000000f0b00000)
 ParOldGen       total 120320K, used 16525K [0x00000000c0000000, 0x00000000c7580000, 0x00000000eab00000)
  object space 120320K, 13% used [0x00000000c0000000,0x00000000c1023568,0x00000000c7580000)
 Metaspace       used 6417K, capacity 7152K, committed 7296K, reserved 1058816K
  class space    used 590K, capacity 616K, committed 640K, reserved 1048576K
GC Heap History (8 events):
Event: 4.559 GC heap before
{Heap before GC invocations=1 (full 0):
 PSYoungGen      total 52736K, used 45568K [0x00000000eab00000, 0x00000000ee580000, 0x0000000100000000)
  eden space 45568K, 100% used [0x00000000eab00000,0x00000000ed780000,0x00000000ed780000)
  from space 7168K, 0% used [0x00000000ede80000,0x00000000ede80000,0x00000000ee580000)
  to   space 7168K, 0% used [0x00000000ed780000,0x00000000ed780000,0x00000000ede80000)
 ParOldGen       total 120320K, used 0K [0x00000000c0000000, 0x00000000c7580000, 0x00000000eab00000)
  object space 120320K, 0% used [0x00000000c0000000,0x00000000c0000000,0x00000000c7580000)
 Metaspace       used 5917K, capacity 6896K, committed 7040K, reserved 1058816K
  class space    used 571K, capacity 616K, committed 640K, reserved 1048576K
Event: 4.573 GC heap after
Heap after GC invocations=1 (full 0):
 PSYoungGen      total 52736K, used 6290K [0x00000000eab00000, 0x00000000ee580000, 0x0000000100000000)
  eden space 45568K, 0% used [0x00000000eab00000,0x00000000eab00000,0x00000000ed780000)
  from space 7168K, 87% used [0x00000000ed780000,0x00000000edda4bb0,0x00000000ede80000)
  to   space 7168K, 0% used [0x00000000ede80000,0x00000000ede80000,0x00000000ee580000)
 ParOldGen       total 120320K, used 16K [0x00000000c0000000, 0x00000000c7580000, 0x00000000eab00000)
  object space 120320K, 0% used [0x00000000c0000000,0x00000000c0004000,0x00000000c7580000)
 Metaspace       used 5917K, capacity 6896K, committed 7040K, reserved 1058816K
  class space    used 571K, capacity 616K, committed 640K, reserved 1048576K
}
Event: 5.301 GC heap before
{Heap before GC invocations=2 (full 0):
 PSYoungGen      total 52736K, used 51858K [0x00000000eab00000, 0x00000000ee580000, 0x0000000100000000)
  eden space 45568K, 100% used [0x00000000eab00000,0x00000000ed780000,0x00000000ed780000)
  from space 7168K, 87% used [0x00000000ed780000,0x00000000edda4bb0,0x00000000ede80000)
  to   space 7168K, 0% used [0x00000000ede80000,0x00000000ede80000,0x00000000ee580000)
 ParOldGen       total 120320K, used 16K [0x00000000c0000000, 0x00000000c7580000, 0x00000000eab00000)
  object space 120320K, 0% used [0x00000000c0000000,0x00000000c0004000,0x00000000c7580000)
 Metaspace       used 6187K, capacity 7088K, committed 7296K, reserved 1058816K
  class space    used 572K, capacity 616K, committed 640K, reserved 1048576K
Event: 5.386 GC heap after
Heap after GC invocations=2 (full 0):
 PSYoungGen      total 52736K, used 7159K [0x00000000eab00000, 0x00000000f1200000, 0x0000000100000000)
  eden space 45568K, 0% used [0x00000000eab00000,0x00000000eab00000,0x00000000ed780000)
  from space 7168K, 99% used [0x00000000ede80000,0x00000000ee57dca8,0x00000000ee580000)
  to   space 7168K, 0% used [0x00000000ed780000,0x00000000ed780000,0x00000000ede80000)
 ParOldGen       total 120320K, used 3501K [0x00000000c0000000, 0x00000000c7580000, 0x00000000eab00000)
  object space 120320K, 2% used [0x00000000c0000000,0x00000000c036b768,0x00000000c7580000)
 Metaspace       used 6187K, capacity 7088K, committed 7296K, reserved 1058816K
  class space    used 572K, capacity 616K, committed 640K, reserved 1048576K
}
Event: 5.921 GC heap before
{Heap before GC invocations=3 (full 0):
 PSYoungGen      total 52736K, used 52727K [0x00000000eab00000, 0x00000000f1200000, 0x0000000100000000)
  eden space 45568K, 100% used [0x00000000eab00000,0x00000000ed780000,0x00000000ed780000)
  from space 7168K, 99% used [0x00000000ede80000,0x00000000ee57dca8,0x00000000ee580000)
  to   space 7168K, 0% used [0x00000000ed780000,0x00000000ed780000,0x00000000ede80000)
 ParOldGen       total 120320K, used 3501K [0x00000000c0000000, 0x00000000c7580000, 0x00000000eab00000)
  object space 120320K, 2% used [0x00000000c0000000,0x00000000c036b768,0x00000000c7580000)
 Metaspace       used 6302K, capacity 7088K, committed 7296K, reserved 1058816K
  class space    used 590K, capacity 616K, committed 640K, reserved 1048576K
Event: 5.960 GC heap after
Heap after GC invocations=3 (full 0):
 PSYoungGen      total 52736K, used 7136K [0x00000000eab00000, 0x00000000f1200000, 0x0000000100000000)
  eden space 45568K, 0% used [0x00000000eab00000,0x00000000eab00000,0x00000000ed780000)
  from space 7168K, 99% used [0x00000000ed780000,0x00000000ede78048,0x00000000ede80000)
  to   space 7168K, 0% used [0x00000000f0b00000,0x00000000f0b00000,0x00000000f1200000)
 ParOldGen       total 120320K, used 10059K [0x00000000c0000000, 0x00000000c7580000, 0x00000000eab00000)
  object space 120320K, 8% used [0x00000000c0000000,0x00000000c09d2d00,0x00000000c7580000)
 Metaspace       used 6302K, capacity 7088K, committed 7296K, reserved 1058816K
  class space    used 590K, capacity 616K, committed 640K, reserved 1048576K
}
Event: 6.509 GC heap before
{Heap before GC invocations=4 (full 0):
 PSYoungGen      total 52736K, used 52704K [0x00000000eab00000, 0x00000000f1200000, 0x0000000100000000)
  eden space 45568K, 100% used [0x00000000eab00000,0x00000000ed780000,0x00000000ed780000)
  from space 7168K, 99% used [0x00000000ed780000,0x00000000ede78048,0x00000000ede80000)
  to   space 7168K, 0% used [0x00000000f0b00000,0x00000000f0b00000,0x00000000f1200000)
 ParOldGen       total 120320K, used 10059K [0x00000000c0000000, 0x00000000c7580000, 0x00000000eab00000)
  object space 120320K, 8% used [0x00000000c0000000,0x00000000c09d2d00,0x00000000c7580000)
 Metaspace       used 6397K, capacity 7152K, committed 7296K, reserved 1058816K
  class space    used 590K, capacity 616K, committed 640K, reserved 1048576K
Event: 6.540 GC heap after
Heap after GC invocations=4 (full 0):
 PSYoungGen      total 98304K, used 7136K [0x00000000eab00000, 0x00000000f1200000, 0x0000000100000000)
  eden space 91136K, 0% used [0x00000000eab00000,0x00000000eab00000,0x00000000f0400000)
  from space 7168K, 99% used [0x00000000f0b00000,0x00000000f11f8048,0x00000000f1200000)
  to   space 7168K, 0% used [0x00000000f0400000,0x00000000f0400000,0x00000000f0b00000)
 ParOldGen       total 120320K, used 16525K [0x00000000c0000000, 0x00000000c7580000, 0x00000000eab00000)
  object space 120320K, 13% used [0x00000000c0000000,0x00000000c1023568,0x00000000c7580000)
 Metaspace       used 6397K, capacity 7152K, committed 7296K, reserved 1058816K
  class space    used 590K, capacity 616K, committed 640K, reserved 1048576K
}

