# JRE version: OpenJDK Runtime Environment (8.0_76-b03) (build 1.8.0_76-release-b03)
# Java VM: OpenJDK 64-Bit Server VM (25.76-b03 mixed mode windows-amd64 compressed oops)
Heap:
 PSYoungGen      total 189440K, used 3486K [0x00000000eab00000, 0x00000000f6b00000, 0x0000000100000000)
  eden space 182272K, 1% used [0x00000000eab00000,0x00000000eae67ac0,0x00000000f5d00000)
  from space 7168K, 0% used [0x00000000f5d00000,0x00000000f5d00000,0x00000000f6400000)
  to   space 7168K, 0% used [0x00000000f6400000,0x00000000f6400000,0x00000000f6b00000)
 ParOldGen       total 206336K, used 97144K [0x00000000c0000000, 0x00000000cc980000, 0x00000000eab00000)
  object space 206336K, 47% used [0x00000000c0000000,0x00000000c5ede2b0,0x00000000cc980000)
 Metaspace       used 6532K, capacity 7216K, committed 7296K, reserved 1056768K
  class space    used 596K, capacity 616K, committed 640K, reserved 1048576K
GC Heap History (10 events):
Event: 3.936 GC heap before
{Heap before GC invocations=4 (full 0):
 PSYoungGen      total 98304K, used 98296K [0x00000000eab00000, 0x00000000f6b00000, 0x0000000100000000)
  eden space 91136K, 100% used [0x00000000eab00000,0x00000000f0400000,0x00000000f0400000)
  from space 7168K, 99% used [0x00000000f0400000,0x00000000f0afe020,0x00000000f0b00000)
  to   space 7168K, 0% used [0x00000000f6400000,0x00000000f6400000,0x00000000f6b00000)
 ParOldGen       total 120320K, used 10892K [0x00000000c0000000, 0x00000000c7580000, 0x00000000eab00000)
  object space 120320K, 9% used [0x00000000c0000000,0x00000000c0aa30f0,0x00000000c7580000)
 Metaspace       used 6382K, capacity 7152K, committed 7296K, reserved 1056768K
  class space    used 596K, capacity 616K, committed 640K, reserved 1048576K
Event: 4.054 GC heap after
Heap after GC invocations=4 (full 0):
 PSYoungGen      total 189440K, used 7147K [0x00000000eab00000, 0x00000000f6b00000, 0x0000000100000000)
  eden space 182272K, 0% used [0x00000000eab00000,0x00000000eab00000,0x00000000f5d00000)
  from space 7168K, 99% used [0x00000000f6400000,0x00000000f6afacd0,0x00000000f6b00000)
  to   space 7168K, 0% used [0x00000000f5d00000,0x00000000f5d00000,0x00000000f6400000)
 ParOldGen       total 120320K, used 24445K [0x00000000c0000000, 0x00000000c7580000, 0x00000000eab00000)
  object space 120320K, 20% used [0x00000000c0000000,0x00000000c17df7a0,0x00000000c7580000)
 Metaspace       used 6382K, capacity 7152K, committed 7296K, reserved 1056768K
  class space    used 596K, capacity 616K, committed 640K, reserved 1048576K
}
Event: 5.749 GC heap before
{Heap before GC invocations=5 (full 0):
 PSYoungGen      total 189440K, used 189419K [0x00000000eab00000, 0x00000000f6b00000, 0x0000000100000000)
  eden space 182272K, 100% used [0x00000000eab00000,0x00000000f5d00000,0x00000000f5d00000)
  from space 7168K, 99% used [0x00000000f6400000,0x00000000f6afacd0,0x00000000f6b00000)
  to   space 7168K, 0% used [0x00000000f5d00000,0x00000000f5d00000,0x00000000f6400000)
 ParOldGen       total 120320K, used 24445K [0x00000000c0000000, 0x00000000c7580000, 0x00000000eab00000)
  object space 120320K, 20% used [0x00000000c0000000,0x00000000c17df7a0,0x00000000c7580000)
 Metaspace       used 6497K, capacity 7216K, committed 7296K, reserved 1056768K
  class space    used 596K, capacity 616K, committed 640K, reserved 1048576K
Event: 5.877 GC heap after
Heap after GC invocations=5 (full 0):
 PSYoungGen      total 189440K, used 7140K [0x00000000eab00000, 0x00000000f6b00000, 0x0000000100000000)
  eden space 182272K, 0% used [0x00000000eab00000,0x00000000eab00000,0x00000000f5d00000)
  from space 7168K, 99% used [0x00000000f5d00000,0x00000000f63f9050,0x00000000f6400000)
  to   space 7168K, 0% used [0x00000000f6400000,0x00000000f6400000,0x00000000f6b00000)
 ParOldGen       total 120320K, used 51742K [0x00000000c0000000, 0x00000000c7580000, 0x00000000eab00000)
  object space 120320K, 43% used [0x00000000c0000000,0x00000000c32878d8,0x00000000c7580000)
 Metaspace       used 6497K, capacity 7216K, committed 7296K, reserved 1056768K
  class space    used 596K, capacity 616K, committed 640K, reserved 1048576K
}
Event: 7.057 GC heap before
{Heap before GC invocations=6 (full 0):
 PSYoungGen      total 189440K, used 189412K [0x00000000eab00000, 0x00000000f6b00000, 0x0000000100000000)
  eden space 182272K, 100% used [0x00000000eab00000,0x00000000f5d00000,0x00000000f5d00000)
  from space 7168K, 99% used [0x00000000f5d00000,0x00000000f63f9050,0x00000000f6400000)
  to   space 7168K, 0% used [0x00000000f6400000,0x00000000f6400000,0x00000000f6b00000)
 ParOldGen       total 120320K, used 51742K [0x00000000c0000000, 0x00000000c7580000, 0x00000000eab00000)
  object space 120320K, 43% used [0x00000000c0000000,0x00000000c32878d8,0x00000000c7580000)
 Metaspace       used 6517K, capacity 7216K, committed 7296K, reserved 1056768K
  class space    used 596K, capacity 616K, committed 640K, reserved 1048576K
Event: 7.171 GC heap after
Heap after GC invocations=6 (full 0):
 PSYoungGen      total 189440K, used 7165K [0x00000000eab00000, 0x00000000f6b00000, 0x0000000100000000)
  eden space 182272K, 0% used [0x00000000eab00000,0x00000000eab00000,0x00000000f5d00000)
  from space 7168K, 99% used [0x00000000f6400000,0x00000000f6aff440,0x00000000f6b00000)
  to   space 7168K, 0% used [0x00000000f5d00000,0x00000000f5d00000,0x00000000f6400000)
 ParOldGen       total 120320K, used 73467K [0x00000000c0000000, 0x00000000c7580000, 0x00000000eab00000)
  object space 120320K, 61% used [0x00000000c0000000,0x00000000c47bede8,0x00000000c7580000)
 Metaspace       used 6517K, capacity 7216K, committed 7296K, reserved 1056768K
  class space    used 596K, capacity 616K, committed 640K, reserved 1048576K
}
Event: 8.549 GC heap before
{Heap before GC invocations=7 (full 0):
 PSYoungGen      total 189440K, used 189437K [0x00000000eab00000, 0x00000000f6b00000, 0x0000000100000000)
  eden space 182272K, 100% used [0x00000000eab00000,0x00000000f5d00000,0x00000000f5d00000)
  from space 7168K, 99% used [0x00000000f6400000,0x00000000f6aff440,0x00000000f6b00000)
  to   space 7168K, 0% used [0x00000000f5d00000,0x00000000f5d00000,0x00000000f6400000)
 ParOldGen       total 120320K, used 73467K [0x00000000c0000000, 0x00000000c7580000, 0x00000000eab00000)
  object space 120320K, 61% used [0x00000000c0000000,0x00000000c47bede8,0x00000000c7580000)
 Metaspace       used 6531K, capacity 7216K, committed 7296K, reserved 1056768K
  class space    used 596K, capacity 616K, committed 640K, reserved 1048576K
Event: 8.673 GC heap after
Heap after GC invocations=7 (full 0):
 PSYoungGen      total 189440K, used 7150K [0x00000000eab00000, 0x00000000f6b00000, 0x0000000100000000)
  eden space 182272K, 0% used [0x00000000eab00000,0x00000000eab00000,0x00000000f5d00000)
  from space 7168K, 99% used [0x00000000f5d00000,0x00000000f63fba20,0x00000000f6400000)
  to   space 7168K, 0% used [0x00000000f6400000,0x00000000f6400000,0x00000000f6b00000)
 ParOldGen       total 120320K, used 94261K [0x00000000c0000000, 0x00000000c7580000, 0x00000000eab00000)
  object space 120320K, 78% used [0x00000000c0000000,0x00000000c5c0d500,0x00000000c7580000)
 Metaspace       used 6531K, capacity 7216K, committed 7296K, reserved 1056768K
  class space    used 596K, capacity 616K, committed 640K, reserved 1048576K
}
Event: 8.673 GC heap before
{Heap before GC invocations=8 (full 1):
 PSYoungGen      total 189440K, used 7150K [0x00000000eab00000, 0x00000000f6b00000, 0x0000000100000000)
  eden space 182272K, 0% used [0x00000000eab00000,0x00000000eab00000,0x00000000f5d00000)
  from space 7168K, 99% used [0x00000000f5d00000,0x00000000f63fba20,0x00000000f6400000)
  to   space 7168K, 0% used [0x00000000f6400000,0x00000000f6400000,0x00000000f6b00000)
 ParOldGen       total 120320K, used 94261K [0x00000000c0000000, 0x00000000c7580000, 0x00000000eab00000)
  object space 120320K, 78% used [0x00000000c0000000,0x00000000c5c0d500,0x00000000c7580000)
 Metaspace       used 6531K, capacity 7216K, committed 7296K, reserved 1056768K
  class space    used 596K, capacity 616K, committed 640K, reserved 1048576K
Event: 9.793 GC heap after
Heap after GC invocations=8 (full 1):
 PSYoungGen      total 189440K, used 0K [0x00000000eab00000, 0x00000000f6b00000, 0x0000000100000000)
  eden space 182272K, 0% used [0x00000000eab00000,0x00000000eab00000,0x00000000f5d00000)
  from space 7168K, 0% used [0x00000000f5d00000,0x00000000f5d00000,0x00000000f6400000)
  to   space 7168K, 0% used [0x00000000f6400000,0x00000000f6400000,0x00000000f6b00000)
 ParOldGen       total 206336K, used 97144K [0x00000000c0000000, 0x00000000cc980000, 0x00000000eab00000)
  object space 206336K, 47% used [0x00000000c0000000,0x00000000c5ede2b0,0x00000000cc980000)
 Metaspace       used 6531K, capacity 7216K, committed 7296K, reserved 1056768K
  class space    used 596K, capacity 616K, committed 640K, reserved 1048576K
}

